<?xml version="1.0" encoding="UTF-8"?>
<!-- Generated by org.testng.reporters.JUnitXMLReporter -->
<testsuite ignored="1" hostname="Sowndarya" failures="1" tests="2" name="Default test(failed)" time="0.112" errors="0" timestamp="2023-02-14T23:52:53 IST">
  <testcase classname="com.actitime.generic.ProjectModule" name="createProject" time="0.026"/>
  <testcase classname="com.actitime.generic.ProjectModule" name="deleteProject" time="0.006">
    <failure type="java.lang.AssertionError" message="null">
      <![CDATA[java.lang.AssertionError: null
at com.actitime.generic.ProjectModule.deleteProject(ProjectModule.java:22)
at java.base/java.util.ArrayList.forEach(ArrayList.java:1511)
... Removed 27 stack frames]]>
    </failure>
  </testcase> <!-- deleteProject -->
  <testcase classname="com.actitime.generic.ProjectModule" name="modifyProject" time="0.0">
    <ignored/>
  </testcase> <!-- modifyProject -->
</testsuite> <!-- Default test(failed) -->
